Started GET "/" for ::1 at 2020-06-28 03:37:27 -0500
Processing by GapsController#index as HTML
  Rendering gaps/index.html.erb within layouts/application
  Rendered gaps/index.html.erb within layouts/application (35.4ms)
  Rendered layouts/_navigation.html.erb (0.8ms)
Completed 200 OK in 10960ms (Views: 10558.5ms)


Started GET "/" for ::1 at 2020-06-28 03:40:50 -0500
Processing by GapsController#index as HTML
  Rendering gaps/index.html.erb within layouts/application
  Rendered gaps/index.html.erb within layouts/application (0.7ms)
  Rendered layouts/_navigation.html.erb (0.6ms)
Completed 200 OK in 153ms (Views: 145.7ms)


Started GET "/" for ::1 at 2020-06-28 03:46:31 -0500
Processing by GapsController#index as HTML
  Rendering gaps/index.html.erb within layouts/application
  Rendered gaps/index.html.erb within layouts/application (0.5ms)
  Rendered layouts/_navigation.html.erb (0.6ms)
Completed 200 OK in 147ms (Views: 140.3ms)


Started GET "/" for ::1 at 2020-06-28 04:00:00 -0500
Processing by GapsController#index as HTML
  Rendering gaps/index.html.erb within layouts/application
  Rendered gaps/index.html.erb within layouts/application (11.9ms)
  Rendered layouts/_navigation.html.erb (0.8ms)
Completed 200 OK in 1610ms (Views: 1107.5ms)


Started GET "/" for ::1 at 2020-06-28 04:00:46 -0500
Processing by GapsController#index as HTML
  Rendering gaps/index.html.erb within layouts/application
  Rendered gaps/index.html.erb within layouts/application (0.5ms)
  Rendered layouts/_navigation.html.erb (0.6ms)
Completed 200 OK in 143ms (Views: 137.2ms)


Started GET "/" for ::1 at 2020-06-28 04:01:47 -0500
Processing by GapsController#index as HTML
  Rendering gaps/index.html.erb within layouts/application
  Rendered gaps/index.html.erb within layouts/application (2.4ms)
  Rendered layouts/_navigation.html.erb (0.7ms)
Completed 200 OK in 178ms (Views: 170.9ms)


Started GET "/" for ::1 at 2020-06-28 04:02:57 -0500
Processing by GapsController#index as HTML
  Rendering gaps/index.html.erb within layouts/application
  Rendered gaps/index.html.erb within layouts/application (0.6ms)
  Rendered layouts/_navigation.html.erb (1.0ms)
Completed 200 OK in 6154ms (Views: 6148.3ms)


Started GET "/" for ::1 at 2020-06-28 04:03:10 -0500
Processing by GapsController#index as HTML
  Rendering gaps/index.html.erb within layouts/application
  Rendered gaps/index.html.erb within layouts/application (0.6ms)
  Rendered layouts/_navigation.html.erb (0.8ms)
Completed 200 OK in 145ms (Views: 139.4ms)


Started GET "/" for ::1 at 2020-06-28 04:03:10 -0500
Processing by GapsController#index as HTML
  Rendering gaps/index.html.erb within layouts/application
  Rendered gaps/index.html.erb within layouts/application (0.5ms)
  Rendered layouts/_navigation.html.erb (0.9ms)
Completed 200 OK in 150ms (Views: 141.8ms)


Started GET "/" for ::1 at 2020-06-28 04:12:21 -0500
Processing by GapsController#index as HTML
  Rendering gaps/index.html.erb within layouts/application
  Rendered gaps/index.html.erb within layouts/application (1.8ms)
  Rendered layouts/_navigation.html.erb (1.3ms)
Completed 200 OK in 8836ms (Views: 8272.7ms)


Started GET "/" for ::1 at 2020-06-28 04:12:36 -0500
Processing by GapsController#index as HTML
  Rendering gaps/index.html.erb within layouts/application
  Rendered gaps/index.html.erb within layouts/application (0.7ms)
  Rendered layouts/_navigation.html.erb (0.6ms)
Completed 200 OK in 211ms (Views: 204.1ms)


Started GET "/" for ::1 at 2020-06-28 04:15:01 -0500
Processing by GapsController#index as HTML
  Rendering gaps/index.html.erb within layouts/application
  Rendered gaps/index.html.erb within layouts/application (0.4ms)
  Rendered layouts/_navigation.html.erb (0.6ms)
Completed 200 OK in 152ms (Views: 147.1ms)


Started GET "/" for ::1 at 2020-06-28 04:15:03 -0500
Processing by GapsController#index as HTML
  Rendering gaps/index.html.erb within layouts/application
  Rendered gaps/index.html.erb within layouts/application (0.6ms)
  Rendered layouts/_navigation.html.erb (0.7ms)
Completed 200 OK in 99ms (Views: 95.4ms)


Started GET "/" for ::1 at 2020-06-28 04:15:10 -0500
Processing by GapsController#index as HTML
  Rendering gaps/index.html.erb within layouts/application
  Rendered gaps/index.html.erb within layouts/application (0.7ms)
  Rendered layouts/_navigation.html.erb (0.7ms)
Completed 200 OK in 130ms (Views: 126.0ms)


Started GET "/" for ::1 at 2020-06-28 04:15:50 -0500
Processing by GapsController#index as HTML
  Rendering gaps/index.html.erb within layouts/application
  Rendered gaps/index.html.erb within layouts/application (0.6ms)
  Rendered layouts/_navigation.html.erb (0.7ms)
Completed 200 OK in 120ms (Views: 114.9ms)


Started GET "/" for ::1 at 2020-06-28 04:17:32 -0500
Processing by GapsController#index as HTML
  Rendering gaps/index.html.erb within layouts/application
  Rendered gaps/index.html.erb within layouts/application (0.5ms)
  Rendered layouts/_navigation.html.erb (1.0ms)
Completed 200 OK in 130ms (Views: 125.3ms)


Started GET "/" for ::1 at 2020-06-30 21:55:00 -0500
Processing by GapsController#index as HTML
  Rendering gaps/index.html.erb within layouts/application
  Rendered gaps/index.html.erb within layouts/application (5.8ms)
  Rendered layouts/_navigation.html.erb (1.8ms)
Completed 200 OK in 570ms (Views: 536.4ms)


Started GET "/" for ::1 at 2020-06-30 21:55:49 -0500
Processing by GapsController#index as HTML
  Rendering gaps/index.html.erb within layouts/application
  Rendered gaps/index.html.erb within layouts/application (0.6ms)
  Rendered layouts/_navigation.html.erb (2.0ms)
Completed 200 OK in 183ms (Views: 176.5ms)


Started GET "/" for ::1 at 2020-06-30 21:56:14 -0500
Processing by GapsController#index as HTML
  Rendering gaps/index.html.erb within layouts/application
  Rendered gaps/index.html.erb within layouts/application (1.2ms)
  Rendered layouts/_navigation.html.erb (1.1ms)
Completed 200 OK in 350ms (Views: 341.1ms)


Started GET "/" for ::1 at 2020-06-30 22:00:05 -0500
Processing by GapsController#index as HTML
  Rendering gaps/index.html.erb within layouts/application
  Rendered gaps/index.html.erb within layouts/application (0.7ms)
  Rendered layouts/_navigation.html.erb (2.5ms)
Completed 200 OK in 215ms (Views: 208.3ms)


Started GET "/" for ::1 at 2020-06-30 22:00:25 -0500
Processing by GapsController#index as HTML
  Rendering gaps/index.html.erb within layouts/application
  Rendered gaps/index.html.erb within layouts/application (0.6ms)
  Rendered layouts/_navigation.html.erb (1.7ms)
Completed 200 OK in 177ms (Views: 172.9ms)


Started GET "/" for ::1 at 2020-06-30 22:00:26 -0500
Processing by GapsController#index as HTML
  Rendering gaps/index.html.erb within layouts/application
  Rendered gaps/index.html.erb within layouts/application (0.8ms)
  Rendered layouts/_navigation.html.erb (2.2ms)
Completed 200 OK in 213ms (Views: 204.1ms)


Started GET "/" for ::1 at 2020-06-30 22:00:30 -0500
Processing by GapsController#index as HTML
  Rendering gaps/index.html.erb within layouts/application
  Rendered gaps/index.html.erb within layouts/application (0.9ms)
  Rendered layouts/_navigation.html.erb (5.7ms)
Completed 200 OK in 231ms (Views: 225.4ms)


Started GET "/" for 127.0.0.1 at 2020-06-30 22:15:28 -0500
Processing by GapsController#index as HTML
  Rendering gaps/index.html.erb within layouts/application
  Rendered gaps/index.html.erb within layouts/application (16.6ms)
  Rendered layouts/_navigation.html.erb (3.8ms)
Completed 200 OK in 3150ms (Views: 2082.8ms)


Started GET "/" for 127.0.0.1 at 2020-06-30 22:21:46 -0500
Processing by GapsController#index as HTML
  Rendering gaps/index.html.erb within layouts/application
  Rendered gaps/index.html.erb within layouts/application (0.5ms)
Completed 500 Internal Server Error in 92ms


  
ActionView::Template::Error (Error: Invalid CSS after " */": expected 1 selector or at-rule, was "# Bootstrap"
        on line 13:4 of app/assets/stylesheets/application.scss
>>  */

   ---^
):
    4:     <title>Maca</title>
    5:     <%= csrf_meta_tags %>
    6: 
    7:     <%= stylesheet_link_tag    'application', media: 'all', 'data-turbolinks-track': 'reload' %>
    8:     <%= javascript_include_tag 'application', 'data-turbolinks-track': 'reload' %>
    9:   </head>
   10: 
  
app/assets/stylesheets/application.scss:13
app/views/layouts/application.html.erb:7:in `_app_views_layouts_application_html_erb___1947608540683092897_70187706651380'
Started GET "/" for 127.0.0.1 at 2020-06-30 22:22:48 -0500
Processing by GapsController#index as HTML
  Rendering gaps/index.html.erb within layouts/application
  Rendered gaps/index.html.erb within layouts/application (0.9ms)
Completed 500 Internal Server Error in 276ms


  
ActionView::Template::Error (Error: Invalid CSS after '...rt "bootstrap";': expected 1 selector or at-rule, was "# Variables"
        on line 16:21 of app/assets/stylesheets/application.scss
>> @import "bootstrap";

   --------------------^
):
    4:     <title>Maca</title>
    5:     <%= csrf_meta_tags %>
    6: 
    7:     <%= stylesheet_link_tag    'application', media: 'all', 'data-turbolinks-track': 'reload' %>
    8:     <%= javascript_include_tag 'application', 'data-turbolinks-track': 'reload' %>
    9:   </head>
   10: 
  
app/assets/stylesheets/application.scss:16
app/views/layouts/application.html.erb:7:in `_app_views_layouts_application_html_erb___1947608540683092897_70187666875380'
Started GET "/" for 127.0.0.1 at 2020-06-30 22:23:08 -0500
Processing by GapsController#index as HTML
  Rendering gaps/index.html.erb within layouts/application
  Rendered gaps/index.html.erb within layouts/application (0.6ms)
Completed 500 Internal Server Error in 180ms


  
ActionView::Template::Error (Error: Invalid CSS after '...ase/variables";': expected 1 selector or at-rule, was "# Partials"
        on line 19:26 of app/assets/stylesheets/application.scss
>> @import "base/variables";

   -------------------------^
):
    4:     <title>Maca</title>
    5:     <%= csrf_meta_tags %>
    6: 
    7:     <%= stylesheet_link_tag    'application', media: 'all', 'data-turbolinks-track': 'reload' %>
    8:     <%= javascript_include_tag 'application', 'data-turbolinks-track': 'reload' %>
    9:   </head>
   10: 
  
app/assets/stylesheets/application.scss:19
app/views/layouts/application.html.erb:7:in `_app_views_layouts_application_html_erb___1947608540683092897_70187698883820'
Started GET "/" for 127.0.0.1 at 2020-06-30 22:23:37 -0500
Processing by GapsController#index as HTML
  Rendering gaps/index.html.erb within layouts/application
  Rendered gaps/index.html.erb within layouts/application (0.5ms)
  Rendered layouts/_navigation.html.erb (1.3ms)
Completed 200 OK in 3117ms (Views: 3111.8ms)


Started GET "/" for 127.0.0.1 at 2020-06-30 22:27:27 -0500
Processing by GapsController#index as HTML
  Rendering gaps/index.html.erb within layouts/application
  Rendered gaps/index.html.erb within layouts/application (0.5ms)
Completed 500 Internal Server Error in 549ms


  
ActionView::Template::Error (Error: Undefined variable: "$navbarColor".
        on line 2:14 of app/assets/stylesheets/partials/layout/navigation.scss
        from line 22:9 of app/assets/stylesheets/application.scss
>> 	background: $navbarColor !important;

   -------------^
):
    4:     <title>Maca</title>
    5:     <%= csrf_meta_tags %>
    6: 
    7:     <%= stylesheet_link_tag    'application', media: 'all', 'data-turbolinks-track': 'reload' %>
    8:     <%= javascript_include_tag 'application', 'data-turbolinks-track': 'reload' %>
    9:   </head>
   10: 
  
app/assets/stylesheets/partials/layout/navigation.scss:2
app/views/layouts/application.html.erb:7:in `_app_views_layouts_application_html_erb___1947608540683092897_70187669894860'
Started GET "/" for 127.0.0.1 at 2020-06-30 22:32:09 -0500
Processing by GapsController#index as HTML
  Rendering gaps/index.html.erb within layouts/application
  Rendered gaps/index.html.erb within layouts/application (0.5ms)
  Rendered layouts/_navigation.html.erb (1.2ms)
Completed 200 OK in 2332ms (Views: 2327.8ms)


Started GET "/" for 127.0.0.1 at 2020-06-30 22:32:28 -0500
Processing by GapsController#index as HTML
  Rendering gaps/index.html.erb within layouts/application
  Rendered gaps/index.html.erb within layouts/application (0.6ms)
  Rendered layouts/_navigation.html.erb (3.0ms)
Completed 200 OK in 120ms (Views: 115.3ms)


Started GET "/" for 127.0.0.1 at 2020-06-30 22:33:16 -0500
Processing by GapsController#index as HTML
  Rendering gaps/index.html.erb within layouts/application
  Rendered gaps/index.html.erb within layouts/application (0.5ms)
  Rendered layouts/_navigation.html.erb (1.4ms)
Completed 200 OK in 107ms (Views: 103.4ms)


Started GET "/" for 127.0.0.1 at 2020-06-30 22:36:23 -0500
Processing by GapsController#index as HTML
  Rendering gaps/index.html.erb within layouts/application
  Rendered gaps/index.html.erb within layouts/application (0.8ms)
  Rendered layouts/_navigation.html.erb (1.2ms)
Completed 200 OK in 2258ms (Views: 2252.9ms)


Started GET "/" for 127.0.0.1 at 2020-06-30 22:36:46 -0500
Processing by GapsController#index as HTML
  Rendering gaps/index.html.erb within layouts/application
  Rendered gaps/index.html.erb within layouts/application (1.8ms)
  Rendered layouts/_navigation.html.erb (1.1ms)
Completed 200 OK in 122ms (Views: 116.5ms)


Started GET "/" for 127.0.0.1 at 2020-06-30 22:36:53 -0500
Processing by GapsController#index as HTML
  Rendering gaps/index.html.erb within layouts/application
  Rendered gaps/index.html.erb within layouts/application (0.4ms)
  Rendered layouts/_navigation.html.erb (1.1ms)
Completed 200 OK in 117ms (Views: 112.4ms)


Started GET "/" for 127.0.0.1 at 2020-06-30 22:37:13 -0500
Processing by GapsController#index as HTML
  Rendering gaps/index.html.erb within layouts/application
  Rendered gaps/index.html.erb within layouts/application (0.5ms)
  Rendered layouts/_navigation.html.erb (1.2ms)
Completed 200 OK in 115ms (Views: 109.4ms)


Started GET "/" for 127.0.0.1 at 2020-06-30 22:37:29 -0500
Processing by GapsController#index as HTML
  Rendering gaps/index.html.erb within layouts/application
  Rendered gaps/index.html.erb within layouts/application (0.5ms)
  Rendered layouts/_navigation.html.erb (1.5ms)
Completed 200 OK in 2912ms (Views: 2908.1ms)


Started GET "/" for 127.0.0.1 at 2020-06-30 22:38:49 -0500
Processing by GapsController#index as HTML
  Rendering gaps/index.html.erb within layouts/application
  Rendered gaps/index.html.erb within layouts/application (0.7ms)
  Rendered layouts/_navigation.html.erb (1.0ms)
Completed 200 OK in 129ms (Views: 117.4ms)


